Arguments: 
  /usr/local/bin/node /usr/local/Cellar/yarn/1.22.10/libexec/bin/yarn.js run test6

PATH: 
  /usr/local/opt/openvpn/sbin:/Users/macbook/Library/Android/sdk/emulator:/Users/macbook/Library/Android/sdk/tools/bin:/Users/macbook/Library/Android/sdk/tools:/Users/macbook/Library/Android/sdk/platform-tools:/Users/macbook/bin:/usr/local/bin:/Users/macbook/bin:/usr/local/bin:/usr/local/bin:/usr/bin:/bin:/usr/sbin:/sbin:/Users/macbook/Desktop/Wisuda Dan Kerja/Kerja/Selenium Js/cucumberselenium/node_modules/.bin:/Users/macbook/crunchify/apache-maven-3.6.3/bin:/Library/Java/JavaVirtualMachines/adoptopenjdk-8.jdk/Contents/Home/bin/

Yarn version: 
  1.22.10

Node version: 
  14.15.4

Platform: 
  darwin x64

Trace: 
  SyntaxError: /Users/macbook/Desktop/Wisuda Dan Kerja/Kerja/Selenium Js/cucumberselenium/package.json: Unexpected token } in JSON at position 459
      at JSON.parse (<anonymous>)
      at /usr/local/Cellar/yarn/1.22.10/libexec/lib/cli.js:1625:59
      at Generator.next (<anonymous>)
      at step (/usr/local/Cellar/yarn/1.22.10/libexec/lib/cli.js:310:30)
      at /usr/local/Cellar/yarn/1.22.10/libexec/lib/cli.js:321:13

npm manifest: 
  {
    "name": "cucumberselenium",
    "version": "1.0.0",
    "description": "",
    "main": "index.js",
    "scripts": {
      "test": "echo \"Error: no test specified\" && exit 1",
      "test2": "node features/cucumber.js",
      "test3": "cucumber-js --publish CUCUMBER_PUBLISH_ENABLED=true",
      "test4": "cucumber-js",
      "test5": "cucumber-js --tags @login",
      "test6": "./node_modules/.bin/cucumber-js ./features/login-feature -r ./step_definitions --t @login",
    },
    "keywords": [],
    "author": "",
    "license": "ISC",
    "dependencies": {
      "cucumber": "^7.0.0-rc.0",
      "selenium-webdriver": "^4.0.0-rc-1"
    }
  }

yarn manifest: 
  No manifest

Lockfile: 
  No lockfile
